<?xml version="1.0" encoding="UTF-8"?>
<!-- Generated by org.testng.reporters.JUnitReportReporter -->
<testsuite hostname="samruddhi" failures="0" tests="4" name="Sauce_Demo.error_user1" time="17.315" errors="0" timestamp="2026-08-23T16:24:37 IST" skipped="0">
  <testcase classname="Sauce_Demo.error_user1" name="login" time="5.027"/>
  <testcase classname="Sauce_Demo.error_user1" name="add_to_cart" time="3.363"/>
  <testcase classname="Sauce_Demo.error_user1" name="checkout_your_info" time="7.753"/>
  <testcase classname="Sauce_Demo.error_user1" name="logout" time="1.172"/>
</testsuite> <!-- Sauce_Demo.error_user1 -->
