<?xml version="1.0" encoding="UTF-8"?>
<!-- Generated by org.testng.reporters.JUnitReportReporter -->
<testsuite hostname="samruddhi" failures="0" tests="3" name="Sauce_Demo.error_user2" time="14.308" errors="0" timestamp="2026-08-23T21:34:23 IST" skipped="0">
  <testcase classname="Sauce_Demo.error_user2" name="login" time="7.518"/>
  <testcase classname="Sauce_Demo.error_user2" name="product" time="5.581"/>
  <testcase classname="Sauce_Demo.error_user2" name="logout" time="1.209"/>
</testsuite> <!-- Sauce_Demo.error_user2 -->
