<?xml version="1.0" encoding="UTF-8"?>
<!-- Generated by org.testng.reporters.JUnitReportReporter -->
<testsuite hostname="samruddhi" failures="0" tests="3" name="Sauce_Demo.standard_user2" time="10.239" errors="0" timestamp="2026-08-23T15:44:57 IST" skipped="0">
  <testcase classname="Sauce_Demo.standard_user2" name="launch" time="4.675"/>
  <testcase classname="Sauce_Demo.standard_user2" name="products" time="4.402"/>
  <testcase classname="Sauce_Demo.standard_user2" name="logout" time="1.162"/>
</testsuite> <!-- Sauce_Demo.standard_user2 -->
