<?xml version="1.0" encoding="UTF-8"?>
<!-- Generated by org.testng.reporters.JUnitReportReporter -->
<testsuite hostname="samruddhi" failures="0" tests="4" name="Sauce_Demo.standard_user1" time="15.707" errors="0" timestamp="2026-08-23T15:40:11 IST" skipped="0">
  <testcase classname="Sauce_Demo.standard_user1" name="login" time="5.772"/>
  <testcase classname="Sauce_Demo.standard_user1" name="add_to_cart" time="3.286"/>
  <testcase classname="Sauce_Demo.standard_user1" name="checkout_your_information" time="5.514"/>
  <testcase classname="Sauce_Demo.standard_user1" name="logout" time="1.135"/>
</testsuite> <!-- Sauce_Demo.standard_user1 -->
