<?xml version="1.0" encoding="UTF-8"?>
<!-- Generated by org.testng.reporters.JUnitReportReporter -->
<testsuite hostname="samruddhi" failures="0" tests="5" name="Sauce_Demo.problem_user" time="21.944" errors="0" timestamp="2026-08-23T14:43:03 IST" skipped="0">
  <testcase classname="Sauce_Demo.problem_user" name="launch" time="4.709"/>
  <testcase classname="Sauce_Demo.problem_user" name="add_to_cart" time="2.224"/>
  <testcase classname="Sauce_Demo.problem_user" name="checkout_your_info" time="7.558"/>
  <testcase classname="Sauce_Demo.problem_user" name="products" time="6.291"/>
  <testcase classname="Sauce_Demo.problem_user" name="logout" time="1.162"/>
</testsuite> <!-- Sauce_Demo.problem_user -->
