<?xml version="1.0" encoding="UTF-8"?>
<!-- Generated by org.testng.reporters.JUnitReportReporter -->
<testsuite hostname="samruddhi" failures="0" tests="4" name="Sauce_Demo.swag_demo_login" time="17.439" errors="0" timestamp="2026-08-23T13:54:32 IST" skipped="0">
  <testcase classname="Sauce_Demo.swag_demo_login" name="login" time="7.527"/>
  <testcase classname="Sauce_Demo.swag_demo_login" name="add_to_cart" time="3.273"/>
  <testcase classname="Sauce_Demo.swag_demo_login" name="checkout_your_information" time="5.519"/>
  <testcase classname="Sauce_Demo.swag_demo_login" name="logout" time="1.120"/>
</testsuite> <!-- Sauce_Demo.swag_demo_login -->
