<?xml version="1.0" encoding="UTF-8"?>
<!-- Generated by org.testng.reporters.JUnitReportReporter -->
<testsuite hostname="samruddhi" failures="0" tests="5" name="Sauce_Demo.performance_glitch_user" time="48.461" errors="0" timestamp="2026-08-23T15:46:50 IST" skipped="0">
  <testcase classname="Sauce_Demo.performance_glitch_user" name="launch" time="13.897"/>
  <testcase classname="Sauce_Demo.performance_glitch_user" name="name" time="20.592"/>
  <testcase classname="Sauce_Demo.performance_glitch_user" name="add_to_cart" time="2.237"/>
  <testcase classname="Sauce_Demo.performance_glitch_user" name="checkout_your_info" time="10.531"/>
  <testcase classname="Sauce_Demo.performance_glitch_user" name="logout" time="1.204"/>
</testsuite> <!-- Sauce_Demo.performance_glitch_user -->
