<?xml version="1.0" encoding="UTF-8"?>
<!-- Generated by org.testng.reporters.JUnitReportReporter -->
<testsuite hostname="samruddhi" failures="0" tests="3" name="Sauce_Demo.performance_glitch_user2" time="8.591" errors="0" timestamp="2026-08-23T15:54:17 IST" skipped="0">
  <testcase classname="Sauce_Demo.performance_glitch_user2" name="launch" time="7.037"/>
  <testcase classname="Sauce_Demo.performance_glitch_user2" name="product" time="0.368"/>
  <testcase classname="Sauce_Demo.performance_glitch_user2" name="logout" time="1.186"/>
</testsuite> <!-- Sauce_Demo.performance_glitch_user2 -->
