<?xml version="1.0" encoding="UTF-8"?>
<!-- Generated by org.testng.reporters.JUnitReportReporter -->
<testsuite hostname="samruddhi" failures="0" tests="3" name="Sauce_Demo.standard_user" time="11.289" errors="0" timestamp="2026-08-23T13:59:33 IST" skipped="0">
  <testcase classname="Sauce_Demo.standard_user" name="launch" time="5.770"/>
  <testcase classname="Sauce_Demo.standard_user" name="products" time="4.360"/>
  <testcase classname="Sauce_Demo.standard_user" name="logout" time="1.159"/>
</testsuite> <!-- Sauce_Demo.standard_user -->
