<?xml version="1.0" encoding="UTF-8"?>
<!-- Generated by org.testng.reporters.JUnitReportReporter -->
<testsuite hostname="samruddhi" failures="0" tests="4" name="Sauce_Demo.visual_user1" time="19.685" errors="0" timestamp="2026-08-24T00:24:24 IST" skipped="0">
  <testcase classname="Sauce_Demo.visual_user1" name="login" time="5.323"/>
  <testcase classname="Sauce_Demo.visual_user1" name="add_to_cart" time="7.624"/>
  <testcase classname="Sauce_Demo.visual_user1" name="checkout_your_info" time="5.557"/>
  <testcase classname="Sauce_Demo.visual_user1" name="logout" time="1.181"/>
</testsuite> <!-- Sauce_Demo.visual_user1 -->
