<?xml version="1.0" encoding="UTF-8"?>
<!-- Generated by org.testng.reporters.JUnitReportReporter -->
<testsuite hostname="samruddhi" failures="0" tests="4" name="Sauce_Demo.visual_user2" time="15.596" errors="0" timestamp="2026-08-24T00:36:20 IST" skipped="0">
  <testcase classname="Sauce_Demo.visual_user2" name="login" time="5.048"/>
  <testcase classname="Sauce_Demo.visual_user2" name="name" time="3.882"/>
  <testcase classname="Sauce_Demo.visual_user2" name="products" time="5.497"/>
  <testcase classname="Sauce_Demo.visual_user2" name="logout" time="1.169"/>
</testsuite> <!-- Sauce_Demo.visual_user2 -->
