<?xml version="1.0" encoding="UTF-8"?>
<!-- Generated by org.testng.reporters.JUnitReportReporter -->
<testsuite hostname="samruddhi" failures="0" tests="3" name="Sauce_Demo.problem_user2" time="14.146" errors="0" timestamp="2026-08-23T15:45:51 IST" skipped="0">
  <testcase classname="Sauce_Demo.problem_user2" name="launch" time="6.735"/>
  <testcase classname="Sauce_Demo.problem_user2" name="products" time="6.267"/>
  <testcase classname="Sauce_Demo.problem_user2" name="logout" time="1.144"/>
</testsuite> <!-- Sauce_Demo.problem_user2 -->
