<?xml version="1.0" encoding="UTF-8"?>
<!-- Generated by org.testng.reporters.JUnitReportReporter -->
<testsuite hostname="samruddhi" failures="0" tests="4" name="Sauce_Demo.problem_user1" time="15.768" errors="0" timestamp="2026-08-23T15:43:33 IST" skipped="0">
  <testcase classname="Sauce_Demo.problem_user1" name="launch" time="4.785"/>
  <testcase classname="Sauce_Demo.problem_user1" name="add_to_cart" time="2.246"/>
  <testcase classname="Sauce_Demo.problem_user1" name="checkout_your_info" time="7.549"/>
  <testcase classname="Sauce_Demo.problem_user1" name="logout" time="1.188"/>
</testsuite> <!-- Sauce_Demo.problem_user1 -->
