<?xml version="1.0" encoding="UTF-8"?>
<testng-results ignored="0" total="4" passed="4" failed="0" skipped="0">
  <reporter-output>
  </reporter-output>
  <suite started-at="2026-08-24T00:36:04 IST" name="Default suite" finished-at="2026-08-24T00:36:19 IST" duration-ms="15697">
    <groups>
    </groups>
    <test started-at="2026-08-24T00:36:04 IST" name="Default test" finished-at="2026-08-24T00:36:19 IST" duration-ms="15697">
      <class name="Sauce_Demo.visual_user2">
        <test-method signature="login()[pri:1, instance:Sauce_Demo.visual_user2@2b662a77]" started-at="2026-08-24T00:36:04 IST" name="login" finished-at="2026-08-24T00:36:09 IST" duration-ms="5048" status="PASS">
          <reporter-output>
          </reporter-output>
        </test-method> <!-- login -->
        <test-method signature="name()[pri:2, instance:Sauce_Demo.visual_user2@2b662a77]" started-at="2026-08-24T00:36:09 IST" name="name" finished-at="2026-08-24T00:36:13 IST" duration-ms="3882" status="PASS">
          <reporter-output>
          </reporter-output>
        </test-method> <!-- name -->
        <test-method signature="products()[pri:3, instance:Sauce_Demo.visual_user2@2b662a77]" started-at="2026-08-24T00:36:13 IST" name="products" finished-at="2026-08-24T00:36:18 IST" duration-ms="5497" status="PASS">
          <reporter-output>
          </reporter-output>
        </test-method> <!-- products -->
        <test-method signature="logout()[pri:4, instance:Sauce_Demo.visual_user2@2b662a77]" started-at="2026-08-24T00:36:18 IST" name="logout" finished-at="2026-08-24T00:36:19 IST" duration-ms="1169" status="PASS">
          <reporter-output>
          </reporter-output>
        </test-method> <!-- logout -->
      </class> <!-- Sauce_Demo.visual_user2 -->
    </test> <!-- Default test -->
  </suite> <!-- Default suite -->
</testng-results>
